<?xml version="1.0" encoding="UTF-8"?>
<testng-results ignored="0" total="2" passed="2" failed="0" skipped="0">
  <reporter-output>
  </reporter-output>
  <suite started-at="2024-02-22T22:57:07 ICT" name="Docker Grid" finished-at="2024-02-22T22:57:11 ICT" duration-ms="3931">
    <groups>
    </groups>
    <test started-at="2024-02-22T22:57:07 ICT" name="Chrome" finished-at="2024-02-22T22:57:09 ICT" duration-ms="2052">
      <class name="seldocker.GridTest">
        <test-method is-config="true" signature="setup(java.lang.String)[pri:0, instance:seldocker.GridTest@69a10787]" started-at="2024-02-22T22:57:07 ICT" name="setup" finished-at="2024-02-22T22:57:09 ICT" duration-ms="1930" status="PASS">
          <params>
            <param index="0">
              <value>
                <![CDATA[chrome]]>
              </value>
            </param>
          </params>
          <reporter-output>
          </reporter-output>
        </test-method> <!-- setup -->
        <test-method signature="getTitle()[pri:0, instance:seldocker.GridTest@69a10787]" started-at="2024-02-22T22:57:09 ICT" name="getTitle" finished-at="2024-02-22T22:57:09 ICT" duration-ms="20" status="PASS">
          <reporter-output>
          </reporter-output>
        </test-method> <!-- getTitle -->
        <test-method is-config="true" signature="tearDown()[pri:0, instance:seldocker.GridTest@69a10787]" started-at="2024-02-22T22:57:09 ICT" name="tearDown" finished-at="2024-02-22T22:57:09 ICT" duration-ms="86" status="PASS">
          <reporter-output>
          </reporter-output>
        </test-method> <!-- tearDown -->
      </class> <!-- seldocker.GridTest -->
    </test> <!-- Chrome -->
    <test started-at="2024-02-22T22:57:07 ICT" name="Firefox" finished-at="2024-02-22T22:57:11 ICT" duration-ms="3931">
      <class name="seldocker.GridTest">
        <test-method is-config="true" signature="startContainer()[pri:0, instance:seldocker.GridTest@453da22c]" started-at="2024-02-22T22:57:07 ICT" name="startContainer" finished-at="2024-02-22T22:57:07 ICT" duration-ms="6" status="PASS">
          <reporter-output>
          </reporter-output>
        </test-method> <!-- startContainer -->
        <test-method is-config="true" signature="setup(java.lang.String)[pri:0, instance:seldocker.GridTest@453da22c]" started-at="2024-02-22T22:57:07 ICT" name="setup" finished-at="2024-02-22T22:57:10 ICT" duration-ms="3025" status="PASS">
          <params>
            <param index="0">
              <value>
                <![CDATA[firefox]]>
              </value>
            </param>
          </params>
          <reporter-output>
          </reporter-output>
        </test-method> <!-- setup -->
        <test-method signature="getTitle()[pri:0, instance:seldocker.GridTest@453da22c]" started-at="2024-02-22T22:57:10 ICT" name="getTitle" finished-at="2024-02-22T22:57:10 ICT" duration-ms="13" status="PASS">
          <reporter-output>
          </reporter-output>
        </test-method> <!-- getTitle -->
        <test-method is-config="true" signature="tearDown()[pri:0, instance:seldocker.GridTest@453da22c]" started-at="2024-02-22T22:57:10 ICT" name="tearDown" finished-at="2024-02-22T22:57:11 ICT" duration-ms="892" status="PASS">
          <reporter-output>
          </reporter-output>
        </test-method> <!-- tearDown -->
        <test-method is-config="true" signature="stopContainer()[pri:0, instance:seldocker.GridTest@453da22c]" started-at="2024-02-22T22:57:11 ICT" name="stopContainer" finished-at="2024-02-22T22:57:11 ICT" duration-ms="0" status="PASS">
          <reporter-output>
          </reporter-output>
        </test-method> <!-- stopContainer -->
      </class> <!-- seldocker.GridTest -->
    </test> <!-- Firefox -->
  </suite> <!-- Docker Grid -->
</testng-results>
